<?xml version="1.0" encoding="UTF-8"?>
<!-- Generated by org.testng.reporters.JUnitReportReporter -->
<testsuite hostname="iftikhar--pc" failures="0" tests="3" name="Trello.SimpleBooks" time="6.067" errors="0" timestamp="2023-06-24T12:32:51 IST" skipped="0">
  <testcase classname="Trello.SimpleBooks" name="Authenticate" time="3.195"/>
  <system-out/>
  <testcase classname="Trello.SimpleBooks" name="createOrder" time="1.495"/>
  <system-out/>
  <testcase classname="Trello.SimpleBooks" name="DeleteOrder" time="1.377"/>
  <system-out/>
</testsuite> <!-- Trello.SimpleBooks -->
