<?xml version="1.0" encoding="UTF-8"?>
<!-- Generated by org.testng.reporters.JUnitReportReporter -->
<testsuite hostname="iftikhar--pc" failures="0" tests="3" name="Trello.SimpleBooks" time="4.350" errors="0" timestamp="2023-06-24T12:58:20 IST" skipped="0">
  <testcase classname="Trello.SimpleBooks" name="Authenticate" time="1.535"/>
  <system-out/>
  <testcase classname="Trello.SimpleBooks" name="createOrder" time="1.299"/>
  <system-out/>
  <testcase classname="Trello.SimpleBooks" name="DeleteOrder" time="1.516"/>
  <system-out/>
</testsuite> <!-- Trello.SimpleBooks -->
