<?xml version="1.0" encoding="UTF-8"?>
<!-- Generated by org.testng.reporters.JUnitReportReporter -->
<testsuite hostname="iftikhar--pc" failures="0" tests="4" name="Trello.TrelloAPI" time="17.495" errors="0" timestamp="2023-06-24T12:58:20 IST" skipped="3">
  <testcase classname="Trello.TrelloAPI" name="Boards" time="17.495"/>
  <system-out/>
  <testcase classname="Trello.TrelloAPI" name="CreateBoard">
    <skipped/>
  </testcase> <!-- CreateBoard -->
  <system-out/>
  <testcase classname="Trello.TrelloAPI" name="DeleteBoard">
    <skipped/>
  </testcase> <!-- DeleteBoard -->
  <system-out/>
  <testcase classname="Trello.TrelloAPI" name="GetBoard">
    <skipped/>
  </testcase> <!-- GetBoard -->
  <system-out/>
</testsuite> <!-- Trello.TrelloAPI -->
